<?xml version="1.0" encoding="UTF-8" standalone="no"?><testsuite errors="0" failures="0" name="com.herokuapp.booker.bookininfo.BookingCURDTest" skipped="0" tests="5" time="4.63" timestamp="2024-07-18 04:49:44"><testcase classname="com.herokuapp.booker.bookininfo.BookingCURDTest" name="Create a new booking"/><testcase classname="com.herokuapp.booker.bookininfo.BookingCURDTest" name="Get the booking"/><testcase classname="com.herokuapp.booker.bookininfo.BookingCURDTest" name="Update the booking"/><testcase classname="com.herokuapp.booker.bookininfo.BookingCURDTest" name="Update the partial booking"/><testcase classname="com.herokuapp.booker.bookininfo.BookingCURDTest" name="Delete the booking"/></testsuite>